<?xml version="1.0" encoding="UTF-8"?>
<testsuite xmlns:xsi="http://www.w3.org/2001/XMLSchema-instance" xsi:noNamespaceSchemaLocation="https://maven.apache.org/surefire/maven-surefire-plugin/xsd/surefire-test-report-3.0.xsd" version="3.0" name="com.game.BoardTest" time="0.175" tests="8" errors="0" skipped="0" failures="0">
  <properties>
[...]
</properties>
  <testcase name="tableroNuevo_todasLasPosicionesSonValidas" classname="com.game.BoardTest" time="0.063"/>
  <testcase name="empate_tableroLlenoSinGanador_isGameFinishedDevuelveTrue" classname="com.game.BoardTest" time="0.012">
    <system-out><![CDATA[X|O|X
-+-+-
X|O|O
-+-+-
O|X|X
Tie!
X|O|X
-+-+-
X|O|O
-+-+-
O|X|X
Tie!
]]></system-out>
  </testcase>
  <testcase name="victoriaPorFila_isGameFinishedDevuelveTrue" classname="com.game.BoardTest" time="0.004">
    <system-out><![CDATA[X|X|X
-+-+-
 | | 
-+-+-
 | | 
X wins!
]]></system-out>
  </testcase>
  <testcase name="placeMove_ocupaLaCasilla_yYaNoEsMovimientoValido" classname="com.game.BoardTest" time="0.004"/>
  <testcase name="victoriaPorColumna_isGameFinishedDevuelveTrue" classname="com.game.BoardTest" time="0.005">
    <system-out><![CDATA[O| | 
-+-+-
O| | 
-+-+-
O| | 
O wins!
]]></system-out>
  </testcase>
  <testcase name="victoriaDiagonalSecundaria_isGameFinishedDevuelveTrue" classname="com.game.BoardTest" time="0.003">
    <system-out><![CDATA[ | |O
-+-+-
 |O| 
-+-+-
O| | 
O wins!
]]></system-out>
  </testcase>
  <testcase name="victoriaDiagonalPrincipal_isGameFinishedDevuelveTrue" classname="com.game.BoardTest" time="0.006">
    <system-out><![CDATA[X| | 
-+-+-
 |X| 
-+-+-
 | |X
X wins!
]]></system-out>
  </testcase>
  <testcase name="juegoNoTerminado_tableroNoLlenoYSinGanador_isGameFinishedDevuelveFalse" classname="com.game.BoardTest" time="0.01"/>
</testsuite>